<?xml version="1.0" encoding="UTF-8"?>
<!-- Generated by org.testng.reporters.JUnitXMLReporter -->
<testsuite ignored="0" hostname="DESKTOP-VCNFC09" failures="0" tests="2" name="Default test" time="26.652" errors="0" timestamp="2023-01-21T08:28:09 IST">
  <testcase classname="NxtGen_TestPages.Register_Test_Functionality" name="Validate_Titles" time="0.074"/>
  <testcase classname="NxtGen_TestPages.Register_Test_Functionality" name="Validate_RegisterPage" time="3.562"/>
</testsuite> <!-- Default test -->
